<?xml version="1.0" encoding="UTF-8"?>
<robot generator="Robot 6.1.1 (Python 3.11.6 on win32)" generated="20231004 11:33:34.618" rpa="false" schemaversion="4">
<suite id="s1" name="Robot" source="C:\Users\Gurvinder\Desktop\Robot">
<suite id="s1-s1" name="Tests" source="C:\Users\Gurvinder\Desktop\Robot\Tests">
<suite id="s1-s1-s1" name="Crm" source="C:\Users\Gurvinder\Desktop\Robot\Tests\crm.robot">
<test id="s1-s1-s1-t1" name="Should be able to login" line="9">
<kw name="Begin Web Test" library="common" type="SETUP">
<kw name="Open Browser" library="SeleniumLibrary">
<arg>${url}</arg>
<arg>${browser}</arg>
<doc>Opens a new browser instance to the optional ``url``.</doc>
<msg timestamp="20231004 11:33:34.899" level="INFO">Opening browser 'chrome' to base url 'https://automationplayground.com/crm/index.html'.</msg>
<status status="PASS" starttime="20231004 11:33:34.898" endtime="20231004 11:33:37.985"/>
</kw>
<status status="PASS" starttime="20231004 11:33:34.897" endtime="20231004 11:33:37.986"/>
</kw>
<kw name="Log" library="BuiltIn">
<arg>Starting to Test Login</arg>
<doc>Logs the given message with the given level.</doc>
<msg timestamp="20231004 11:33:37.987" level="INFO">Starting to Test Login</msg>
<status status="PASS" starttime="20231004 11:33:37.986" endtime="20231004 11:33:37.987"/>
</kw>
<kw name="Login to Website" library="customers">
<kw name="Landing Page loaded" library="landingpage">
<kw name="Page Should Contain" library="SeleniumLibrary">
<arg>Customers Are Priority One!</arg>
<doc>Verifies that current page contains ``text``.</doc>
<msg timestamp="20231004 11:33:38.006" level="INFO">Current page contains text 'Customers Are Priority One!'.</msg>
<status status="PASS" starttime="20231004 11:33:37.989" endtime="20231004 11:33:38.007"/>
</kw>
<status status="PASS" starttime="20231004 11:33:37.988" endtime="20231004 11:33:38.007"/>
</kw>
<kw name="Click Sign In" library="landingpage">
<kw name="Click Link" library="SeleniumLibrary">
<arg>xpath://a[contains(text(),'Sign In')]</arg>
<doc>Clicks a link identified by ``locator``.</doc>
<msg timestamp="20231004 11:33:38.008" level="INFO">Clicking link 'xpath://a[contains(text(),'Sign In')]'.</msg>
<status status="PASS" starttime="20231004 11:33:38.008" endtime="20231004 11:33:39.054"/>
</kw>
<status status="PASS" starttime="20231004 11:33:38.007" endtime="20231004 11:33:39.054"/>
</kw>
<kw name="Login Page laoded" library="loginpage">
<kw name="Page Should Contain" library="SeleniumLibrary">
<arg>Login</arg>
<doc>Verifies that current page contains ``text``.</doc>
<msg timestamp="20231004 11:33:39.076" level="INFO">Current page contains text 'Login'.</msg>
<status status="PASS" starttime="20231004 11:33:39.055" endtime="20231004 11:33:39.076"/>
</kw>
<status status="PASS" starttime="20231004 11:33:39.054" endtime="20231004 11:33:39.076"/>
</kw>
<kw name="Enter Email Password" library="loginpage">
<kw name="Input Text" library="SeleniumLibrary">
<arg>xpath://input[@id='email-id']</arg>
<arg>admin@robotframeworktutorial.com</arg>
<doc>Types the given ``text`` into the text field identified by ``locator``.</doc>
<msg timestamp="20231004 11:33:39.078" level="INFO">Typing text 'admin@robotframeworktutorial.com' into text field 'xpath://input[@id='email-id']'.</msg>
<status status="PASS" starttime="20231004 11:33:39.077" endtime="20231004 11:33:39.199"/>
</kw>
<kw name="Input Text" library="SeleniumLibrary">
<arg>xpath://input[@id='password']</arg>
<arg>qwe</arg>
<doc>Types the given ``text`` into the text field identified by ``locator``.</doc>
<msg timestamp="20231004 11:33:39.201" level="INFO">Typing text 'qwe' into text field 'xpath://input[@id='password']'.</msg>
<status status="PASS" starttime="20231004 11:33:39.200" endtime="20231004 11:33:39.295"/>
</kw>
<status status="PASS" starttime="20231004 11:33:39.076" endtime="20231004 11:33:39.295"/>
</kw>
<kw name="Select Rememberme" library="loginpage">
<kw name="Select Checkbox" library="SeleniumLibrary">
<arg>xpath://input[@id='remember']</arg>
<doc>Selects the checkbox identified by ``locator``.</doc>
<msg timestamp="20231004 11:33:39.296" level="INFO">Selecting checkbox 'xpath://input[@id='remember']'.</msg>
<status status="PASS" starttime="20231004 11:33:39.296" endtime="20231004 11:33:39.398"/>
</kw>
<status status="PASS" starttime="20231004 11:33:39.295" endtime="20231004 11:33:39.398"/>
</kw>
<kw name="Submit Login Form" library="loginpage">
<kw name="Click Element" library="SeleniumLibrary">
<arg>xpath://button[@id='submit-id']</arg>
<doc>Click the element identified by ``locator``.</doc>
<msg timestamp="20231004 11:33:39.401" level="INFO">Clicking element 'xpath://button[@id='submit-id']'.</msg>
<status status="PASS" starttime="20231004 11:33:39.401" endtime="20231004 11:33:39.736"/>
</kw>
<status status="PASS" starttime="20231004 11:33:39.400" endtime="20231004 11:33:39.738"/>
</kw>
<status status="PASS" starttime="20231004 11:33:37.988" endtime="20231004 11:33:39.739"/>
</kw>
<kw name="Sleep for 3 second" library="common">
<kw name="Sleep" library="BuiltIn">
<arg>3seconds</arg>
<doc>Pauses the test executed for the given time.</doc>
<msg timestamp="20231004 11:33:42.747" level="INFO">Slept 3 seconds</msg>
<status status="PASS" starttime="20231004 11:33:39.745" endtime="20231004 11:33:42.749"/>
</kw>
<status status="PASS" starttime="20231004 11:33:39.742" endtime="20231004 11:33:42.750"/>
</kw>
<kw name="End Web Test" library="common" type="TEARDOWN">
<kw name="Close Browser" library="SeleniumLibrary">
<doc>Closes the current browser.</doc>
<status status="PASS" starttime="20231004 11:33:42.758" endtime="20231004 11:33:45.006"/>
</kw>
<status status="PASS" starttime="20231004 11:33:42.755" endtime="20231004 11:33:45.006"/>
</kw>
<doc>This test for verifying that login is working</doc>
<tag>Regression</tag>
<tag>Smoke</tag>
<status status="PASS" starttime="20231004 11:33:34.896" endtime="20231004 11:33:45.008"/>
</test>
<test id="s1-s1-s1-t2" name="Should be able to add customer" line="16">
<kw name="Begin Web Test" library="common" type="SETUP">
<kw name="Open Browser" library="SeleniumLibrary">
<arg>${url}</arg>
<arg>${browser}</arg>
<doc>Opens a new browser instance to the optional ``url``.</doc>
<msg timestamp="20231004 11:33:45.026" level="INFO">Opening browser 'chrome' to base url 'https://automationplayground.com/crm/index.html'.</msg>
<status status="PASS" starttime="20231004 11:33:45.023" endtime="20231004 11:33:50.378"/>
</kw>
<status status="PASS" starttime="20231004 11:33:45.020" endtime="20231004 11:33:50.379"/>
</kw>
<kw name="Log" library="BuiltIn">
<arg>Starting the test case</arg>
<doc>Logs the given message with the given level.</doc>
<msg timestamp="20231004 11:33:50.380" level="INFO">Starting the test case</msg>
<status status="PASS" starttime="20231004 11:33:50.379" endtime="20231004 11:33:50.381"/>
</kw>
<kw name="Sleep for 1 second" library="common">
<kw name="Sleep" library="BuiltIn">
<arg>1seconds</arg>
<doc>Pauses the test executed for the given time.</doc>
<msg timestamp="20231004 11:33:51.384" level="INFO">Slept 1 second</msg>
<status status="PASS" starttime="20231004 11:33:50.383" endtime="20231004 11:33:51.386"/>
</kw>
<status status="PASS" starttime="20231004 11:33:50.383" endtime="20231004 11:33:51.387"/>
</kw>
<kw name="Login to Website" library="customers">
<kw name="Landing Page loaded" library="landingpage">
<kw name="Page Should Contain" library="SeleniumLibrary">
<arg>Customers Are Priority One!</arg>
<doc>Verifies that current page contains ``text``.</doc>
<msg timestamp="20231004 11:33:51.431" level="INFO">Current page contains text 'Customers Are Priority One!'.</msg>
<status status="PASS" starttime="20231004 11:33:51.393" endtime="20231004 11:33:51.432"/>
</kw>
<status status="PASS" starttime="20231004 11:33:51.391" endtime="20231004 11:33:51.432"/>
</kw>
<kw name="Click Sign In" library="landingpage">
<kw name="Click Link" library="SeleniumLibrary">
<arg>xpath://a[contains(text(),'Sign In')]</arg>
<doc>Clicks a link identified by ``locator``.</doc>
<msg timestamp="20231004 11:33:51.435" level="INFO">Clicking link 'xpath://a[contains(text(),'Sign In')]'.</msg>
<status status="PASS" starttime="20231004 11:33:51.434" endtime="20231004 11:33:53.049"/>
</kw>
<status status="PASS" starttime="20231004 11:33:51.433" endtime="20231004 11:33:53.050"/>
</kw>
<kw name="Login Page laoded" library="loginpage">
<kw name="Page Should Contain" library="SeleniumLibrary">
<arg>Login</arg>
<doc>Verifies that current page contains ``text``.</doc>
<msg timestamp="20231004 11:33:53.069" level="INFO">Current page contains text 'Login'.</msg>
<status status="PASS" starttime="20231004 11:33:53.050" endtime="20231004 11:33:53.069"/>
</kw>
<status status="PASS" starttime="20231004 11:33:53.050" endtime="20231004 11:33:53.069"/>
</kw>
<kw name="Enter Email Password" library="loginpage">
<kw name="Input Text" library="SeleniumLibrary">
<arg>xpath://input[@id='email-id']</arg>
<arg>admin@robotframeworktutorial.com</arg>
<doc>Types the given ``text`` into the text field identified by ``locator``.</doc>
<msg timestamp="20231004 11:33:53.071" level="INFO">Typing text 'admin@robotframeworktutorial.com' into text field 'xpath://input[@id='email-id']'.</msg>
<status status="PASS" starttime="20231004 11:33:53.071" endtime="20231004 11:33:53.190"/>
</kw>
<kw name="Input Text" library="SeleniumLibrary">
<arg>xpath://input[@id='password']</arg>
<arg>qwe</arg>
<doc>Types the given ``text`` into the text field identified by ``locator``.</doc>
<msg timestamp="20231004 11:33:53.191" level="INFO">Typing text 'qwe' into text field 'xpath://input[@id='password']'.</msg>
<status status="PASS" starttime="20231004 11:33:53.191" endtime="20231004 11:33:53.292"/>
</kw>
<status status="PASS" starttime="20231004 11:33:53.070" endtime="20231004 11:33:53.292"/>
</kw>
<kw name="Select Rememberme" library="loginpage">
<kw name="Select Checkbox" library="SeleniumLibrary">
<arg>xpath://input[@id='remember']</arg>
<doc>Selects the checkbox identified by ``locator``.</doc>
<msg timestamp="20231004 11:33:53.294" level="INFO">Selecting checkbox 'xpath://input[@id='remember']'.</msg>
<status status="PASS" starttime="20231004 11:33:53.293" endtime="20231004 11:33:53.392"/>
</kw>
<status status="PASS" starttime="20231004 11:33:53.293" endtime="20231004 11:33:53.392"/>
</kw>
<kw name="Submit Login Form" library="loginpage">
<kw name="Click Element" library="SeleniumLibrary">
<arg>xpath://button[@id='submit-id']</arg>
<doc>Click the element identified by ``locator``.</doc>
<msg timestamp="20231004 11:33:53.393" level="INFO">Clicking element 'xpath://button[@id='submit-id']'.</msg>
<status status="PASS" starttime="20231004 11:33:53.393" endtime="20231004 11:33:53.724"/>
</kw>
<status status="PASS" starttime="20231004 11:33:53.392" endtime="20231004 11:33:53.726"/>
</kw>
<status status="PASS" starttime="20231004 11:33:51.390" endtime="20231004 11:33:53.727"/>
</kw>
<kw name="Add new customer" library="customers">
<kw name="Customers list page loaded" library="customerlistpage">
<kw name="Page Should Contain" library="SeleniumLibrary">
<arg>Our Happy Customers</arg>
<doc>Verifies that current page contains ``text``.</doc>
<msg timestamp="20231004 11:33:54.123" level="INFO">Current page contains text 'Our Happy Customers'.</msg>
<status status="PASS" starttime="20231004 11:33:53.736" endtime="20231004 11:33:54.123"/>
</kw>
<status status="PASS" starttime="20231004 11:33:53.734" endtime="20231004 11:33:54.124"/>
</kw>
<kw name="Click on add new customer button" library="customerlistpage">
<kw name="Click Element" library="SeleniumLibrary">
<arg>xpath://a[@id='new-customer']</arg>
<doc>Click the element identified by ``locator``.</doc>
<msg timestamp="20231004 11:33:54.125" level="INFO">Clicking element 'xpath://a[@id='new-customer']'.</msg>
<status status="PASS" starttime="20231004 11:33:54.125" endtime="20231004 11:33:54.900"/>
</kw>
<status status="PASS" starttime="20231004 11:33:54.124" endtime="20231004 11:33:54.900"/>
</kw>
<kw name="Add new customers page loaded" library="addnewcustomerpage">
<kw name="Page Should Contain" library="SeleniumLibrary">
<arg>Add Customer</arg>
<doc>Verifies that current page contains ``text``.</doc>
<msg timestamp="20231004 11:33:54.920" level="INFO">Current page contains text 'Add Customer'.</msg>
<status status="PASS" starttime="20231004 11:33:54.901" endtime="20231004 11:33:54.920"/>
</kw>
<status status="PASS" starttime="20231004 11:33:54.901" endtime="20231004 11:33:54.920"/>
</kw>
<kw name="Fill new customers details form" library="addnewcustomerpage">
<kw name="Input Text" library="SeleniumLibrary">
<arg>xpath://input[@id='EmailAddress']</arg>
<arg>testing@test.com</arg>
<doc>Types the given ``text`` into the text field identified by ``locator``.</doc>
<msg timestamp="20231004 11:33:54.922" level="INFO">Typing text 'testing@test.com' into text field 'xpath://input[@id='EmailAddress']'.</msg>
<status status="PASS" starttime="20231004 11:33:54.922" endtime="20231004 11:33:55.012"/>
</kw>
<kw name="Input Text" library="SeleniumLibrary">
<arg>xpath://input[@id='FirstName']</arg>
<arg>Tester</arg>
<doc>Types the given ``text`` into the text field identified by ``locator``.</doc>
<msg timestamp="20231004 11:33:55.013" level="INFO">Typing text 'Tester' into text field 'xpath://input[@id='FirstName']'.</msg>
<status status="PASS" starttime="20231004 11:33:55.012" endtime="20231004 11:33:55.101"/>
</kw>
<kw name="Input Text" library="SeleniumLibrary">
<arg>xpath://input[@id='LastName']</arg>
<arg>Test</arg>
<doc>Types the given ``text`` into the text field identified by ``locator``.</doc>
<msg timestamp="20231004 11:33:55.103" level="INFO">Typing text 'Test' into text field 'xpath://input[@id='LastName']'.</msg>
<status status="PASS" starttime="20231004 11:33:55.103" endtime="20231004 11:33:55.185"/>
</kw>
<kw name="Input Text" library="SeleniumLibrary">
<arg>xpath://input[@id='City']</arg>
<arg>Vadodara</arg>
<doc>Types the given ``text`` into the text field identified by ``locator``.</doc>
<msg timestamp="20231004 11:33:55.186" level="INFO">Typing text 'Vadodara' into text field 'xpath://input[@id='City']'.</msg>
<status status="PASS" starttime="20231004 11:33:55.185" endtime="20231004 11:33:55.263"/>
</kw>
<kw name="Select From List By Value" library="SeleniumLibrary">
<arg>css=#StateOrRegion</arg>
<arg>AL</arg>
<doc>Selects options from selection list ``locator`` by ``values``.</doc>
<msg timestamp="20231004 11:33:55.265" level="INFO">Selecting options from selection list 'css=#StateOrRegion' by value AL.</msg>
<status status="PASS" starttime="20231004 11:33:55.263" endtime="20231004 11:33:55.341"/>
</kw>
<kw name="Select Radio Button" library="SeleniumLibrary">
<arg>gender</arg>
<arg>male</arg>
<doc>Sets the radio button group ``group_name`` to ``value``.</doc>
<msg timestamp="20231004 11:33:55.342" level="INFO">Selecting 'male' from radio button 'gender'.</msg>
<status status="PASS" starttime="20231004 11:33:55.341" endtime="20231004 11:33:55.409"/>
</kw>
<kw name="Select Checkbox" library="SeleniumLibrary">
<arg>name=promos-name</arg>
<doc>Selects the checkbox identified by ``locator``.</doc>
<msg timestamp="20231004 11:33:55.410" level="INFO">Selecting checkbox 'name=promos-name'.</msg>
<status status="PASS" starttime="20231004 11:33:55.409" endtime="20231004 11:33:55.485"/>
</kw>
<status status="PASS" starttime="20231004 11:33:54.920" endtime="20231004 11:33:55.485"/>
</kw>
<kw name="Click submit form button" library="addnewcustomerpage">
<kw name="Click Element" library="SeleniumLibrary">
<arg>//button[contains(text(),'Submit')]</arg>
<doc>Click the element identified by ``locator``.</doc>
<msg timestamp="20231004 11:33:55.486" level="INFO">Clicking element '//button[contains(text(),'Submit')]'.</msg>
<status status="PASS" starttime="20231004 11:33:55.486" endtime="20231004 11:33:55.825"/>
</kw>
<status status="PASS" starttime="20231004 11:33:55.485" endtime="20231004 11:33:55.825"/>
</kw>
<kw name="New customer added validation" library="customerlistpage">
<kw name="Page Should Contain" library="SeleniumLibrary">
<arg>Success! New customer added.</arg>
<doc>Verifies that current page contains ``text``.</doc>
<msg timestamp="20231004 11:33:55.899" level="INFO">Current page contains text 'Success! New customer added.'.</msg>
<status status="PASS" starttime="20231004 11:33:55.828" endtime="20231004 11:33:55.899"/>
</kw>
<status status="PASS" starttime="20231004 11:33:55.826" endtime="20231004 11:33:55.900"/>
</kw>
<status status="PASS" starttime="20231004 11:33:53.729" endtime="20231004 11:33:55.900"/>
</kw>
<kw name="Sleep for 3 second" library="common">
<kw name="Sleep" library="BuiltIn">
<arg>3seconds</arg>
<doc>Pauses the test executed for the given time.</doc>
<msg timestamp="20231004 11:33:58.902" level="INFO">Slept 3 seconds</msg>
<status status="PASS" starttime="20231004 11:33:55.902" endtime="20231004 11:33:58.904"/>
</kw>
<status status="PASS" starttime="20231004 11:33:55.901" endtime="20231004 11:33:58.904"/>
</kw>
<kw name="End Web Test" library="common" type="TEARDOWN">
<kw name="Close Browser" library="SeleniumLibrary">
<doc>Closes the current browser.</doc>
<status status="PASS" starttime="20231004 11:33:58.909" endtime="20231004 11:34:01.272"/>
</kw>
<status status="PASS" starttime="20231004 11:33:58.907" endtime="20231004 11:34:01.272"/>
</kw>
<doc>This test is for verifying if a customer can be added by a logged in user</doc>
<tag>Regression</tag>
<tag>Smoke</tag>
<status status="PASS" starttime="20231004 11:33:45.015" endtime="20231004 11:34:01.274"/>
</test>
<test id="s1-s1-s1-t3" name="Should be able to logout" line="25">
<kw name="Begin Web Test" library="common" type="SETUP">
<kw name="Open Browser" library="SeleniumLibrary">
<arg>${url}</arg>
<arg>${browser}</arg>
<doc>Opens a new browser instance to the optional ``url``.</doc>
<msg timestamp="20231004 11:34:01.285" level="INFO">Opening browser 'chrome' to base url 'https://automationplayground.com/crm/index.html'.</msg>
<status status="PASS" starttime="20231004 11:34:01.283" endtime="20231004 11:34:04.872"/>
</kw>
<status status="PASS" starttime="20231004 11:34:01.282" endtime="20231004 11:34:04.873"/>
</kw>
<kw name="Log" library="BuiltIn">
<arg>Starting the Test Logout</arg>
<doc>Logs the given message with the given level.</doc>
<msg timestamp="20231004 11:34:04.874" level="INFO">Starting the Test Logout</msg>
<status status="PASS" starttime="20231004 11:34:04.873" endtime="20231004 11:34:04.875"/>
</kw>
<kw name="Sleep for 1 second" library="common">
<kw name="Sleep" library="BuiltIn">
<arg>1seconds</arg>
<doc>Pauses the test executed for the given time.</doc>
<msg timestamp="20231004 11:34:05.878" level="INFO">Slept 1 second</msg>
<status status="PASS" starttime="20231004 11:34:04.877" endtime="20231004 11:34:05.879"/>
</kw>
<status status="PASS" starttime="20231004 11:34:04.876" endtime="20231004 11:34:05.881"/>
</kw>
<kw name="Login to Website" library="customers">
<kw name="Landing Page loaded" library="landingpage">
<kw name="Page Should Contain" library="SeleniumLibrary">
<arg>Customers Are Priority One!</arg>
<doc>Verifies that current page contains ``text``.</doc>
<msg timestamp="20231004 11:34:05.934" level="INFO">Current page contains text 'Customers Are Priority One!'.</msg>
<status status="PASS" starttime="20231004 11:34:05.888" endtime="20231004 11:34:05.935"/>
</kw>
<status status="PASS" starttime="20231004 11:34:05.886" endtime="20231004 11:34:05.935"/>
</kw>
<kw name="Click Sign In" library="landingpage">
<kw name="Click Link" library="SeleniumLibrary">
<arg>xpath://a[contains(text(),'Sign In')]</arg>
<doc>Clicks a link identified by ``locator``.</doc>
<msg timestamp="20231004 11:34:05.937" level="INFO">Clicking link 'xpath://a[contains(text(),'Sign In')]'.</msg>
<status status="PASS" starttime="20231004 11:34:05.936" endtime="20231004 11:34:06.356"/>
</kw>
<status status="PASS" starttime="20231004 11:34:05.935" endtime="20231004 11:34:06.356"/>
</kw>
<kw name="Login Page laoded" library="loginpage">
<kw name="Page Should Contain" library="SeleniumLibrary">
<arg>Login</arg>
<doc>Verifies that current page contains ``text``.</doc>
<msg timestamp="20231004 11:34:06.375" level="INFO">Current page contains text 'Login'.</msg>
<status status="PASS" starttime="20231004 11:34:06.357" endtime="20231004 11:34:06.375"/>
</kw>
<status status="PASS" starttime="20231004 11:34:06.357" endtime="20231004 11:34:06.375"/>
</kw>
<kw name="Enter Email Password" library="loginpage">
<kw name="Input Text" library="SeleniumLibrary">
<arg>xpath://input[@id='email-id']</arg>
<arg>admin@robotframeworktutorial.com</arg>
<doc>Types the given ``text`` into the text field identified by ``locator``.</doc>
<msg timestamp="20231004 11:34:06.377" level="INFO">Typing text 'admin@robotframeworktutorial.com' into text field 'xpath://input[@id='email-id']'.</msg>
<status status="PASS" starttime="20231004 11:34:06.376" endtime="20231004 11:34:06.509"/>
</kw>
<kw name="Input Text" library="SeleniumLibrary">
<arg>xpath://input[@id='password']</arg>
<arg>qwe</arg>
<doc>Types the given ``text`` into the text field identified by ``locator``.</doc>
<msg timestamp="20231004 11:34:06.510" level="INFO">Typing text 'qwe' into text field 'xpath://input[@id='password']'.</msg>
<status status="PASS" starttime="20231004 11:34:06.510" endtime="20231004 11:34:06.610"/>
</kw>
<status status="PASS" starttime="20231004 11:34:06.376" endtime="20231004 11:34:06.610"/>
</kw>
<kw name="Select Rememberme" library="loginpage">
<kw name="Select Checkbox" library="SeleniumLibrary">
<arg>xpath://input[@id='remember']</arg>
<doc>Selects the checkbox identified by ``locator``.</doc>
<msg timestamp="20231004 11:34:06.612" level="INFO">Selecting checkbox 'xpath://input[@id='remember']'.</msg>
<status status="PASS" starttime="20231004 11:34:06.611" endtime="20231004 11:34:06.717"/>
</kw>
<status status="PASS" starttime="20231004 11:34:06.610" endtime="20231004 11:34:06.717"/>
</kw>
<kw name="Submit Login Form" library="loginpage">
<kw name="Click Element" library="SeleniumLibrary">
<arg>xpath://button[@id='submit-id']</arg>
<doc>Click the element identified by ``locator``.</doc>
<msg timestamp="20231004 11:34:06.718" level="INFO">Clicking element 'xpath://button[@id='submit-id']'.</msg>
<status status="PASS" starttime="20231004 11:34:06.718" endtime="20231004 11:34:07.039"/>
</kw>
<status status="PASS" starttime="20231004 11:34:06.717" endtime="20231004 11:34:07.041"/>
</kw>
<status status="PASS" starttime="20231004 11:34:05.884" endtime="20231004 11:34:07.042"/>
</kw>
<kw name="Logout of Website" library="customers">
<kw name="Click on Sign Out Button" library="customerlistpage">
<kw name="Click Element" library="SeleniumLibrary">
<arg>xpath://a[contains(text(),'Sign Out')]</arg>
<doc>Click the element identified by ``locator``.</doc>
<msg timestamp="20231004 11:34:07.054" level="INFO">Clicking element 'xpath://a[contains(text(),'Sign Out')]'.</msg>
<status status="PASS" starttime="20231004 11:34:07.051" endtime="20231004 11:34:07.750"/>
</kw>
<status status="PASS" starttime="20231004 11:34:07.049" endtime="20231004 11:34:07.751"/>
</kw>
<kw name="Sign Out Page Loaded" library="signoutconfirmationpage">
<kw name="Page Should Contain" library="SeleniumLibrary">
<arg>Signed Out</arg>
<doc>Verifies that current page contains ``text``.</doc>
<msg timestamp="20231004 11:34:07.768" level="INFO">Current page contains text 'Signed Out'.</msg>
<status status="PASS" starttime="20231004 11:34:07.751" endtime="20231004 11:34:07.768"/>
</kw>
<status status="PASS" starttime="20231004 11:34:07.751" endtime="20231004 11:34:07.769"/>
</kw>
<status status="PASS" starttime="20231004 11:34:07.045" endtime="20231004 11:34:07.769"/>
</kw>
<kw name="Sleep for 3 second" library="common">
<kw name="Sleep" library="BuiltIn">
<arg>3seconds</arg>
<doc>Pauses the test executed for the given time.</doc>
<msg timestamp="20231004 11:34:10.771" level="INFO">Slept 3 seconds</msg>
<status status="PASS" starttime="20231004 11:34:07.770" endtime="20231004 11:34:10.772"/>
</kw>
<status status="PASS" starttime="20231004 11:34:07.770" endtime="20231004 11:34:10.774"/>
</kw>
<kw name="End Web Test" library="common" type="TEARDOWN">
<kw name="Close Browser" library="SeleniumLibrary">
<doc>Closes the current browser.</doc>
<status status="PASS" starttime="20231004 11:34:10.780" endtime="20231004 11:34:13.133"/>
</kw>
<status status="PASS" starttime="20231004 11:34:10.777" endtime="20231004 11:34:13.133"/>
</kw>
<doc>This test is for verifying if a customer can logout</doc>
<tag>Regression</tag>
<tag>Smoke</tag>
<status status="PASS" starttime="20231004 11:34:01.278" endtime="20231004 11:34:13.135"/>
</test>
<doc>This is the suite for testing the basic test cases on customer management website from the udemy course</doc>
<status status="PASS" starttime="20231004 11:33:34.661" endtime="20231004 11:34:13.143"/>
</suite>
<status status="PASS" starttime="20231004 11:33:34.656" endtime="20231004 11:34:13.159"/>
</suite>
<status status="PASS" starttime="20231004 11:33:34.625" endtime="20231004 11:34:13.166"/>
</suite>
<statistics>
<total>
<stat pass="3" fail="0" skip="0">All Tests</stat>
</total>
<tag>
<stat pass="3" fail="0" skip="0">Regression</stat>
<stat pass="3" fail="0" skip="0">Smoke</stat>
</tag>
<suite>
<stat pass="3" fail="0" skip="0" id="s1" name="Robot">Robot</stat>
<stat pass="3" fail="0" skip="0" id="s1-s1" name="Tests">Robot.Tests</stat>
<stat pass="3" fail="0" skip="0" id="s1-s1-s1" name="Crm">Robot.Tests.Crm</stat>
</suite>
</statistics>
<errors>
</errors>
</robot>
